<?xml version="1.0" encoding="UTF-8"?>
<testsuite name="AdminServiceTest" tests="2" skipped="0" failures="0" errors="0" timestamp="2023-03-23T13:56:56" hostname="DELL" time="0.907">
  <properties/>
  <testcase name="verifyDocumentTest" classname="AdminServiceTest" time="0.899"/>
  <testcase name="initiateShipmentTest" classname="AdminServiceTest" time="0.008"/>
  <system-out><![CDATA[]]></system-out>
  <system-err><![CDATA[]]></system-err>
</testsuite>
