<?xml version="1.0" encoding="UTF-8"?>
<testsuite name="ServiceManagerTest" tests="4" skipped="0" failures="0" errors="0" timestamp="2023-03-23T13:56:57" hostname="DELL" time="0.423">
  <properties/>
  <testcase name="uploadVehicleDocumentInformation" classname="ServiceManagerTest" time="0.415"/>
  <testcase name="uploadDriverDocumentTest" classname="ServiceManagerTest" time="0.003"/>
  <testcase name="uploadDriverPersonalDocumentInformationTest" classname="ServiceManagerTest" time="0.002"/>
  <testcase name="uploadVehicleDocument" classname="ServiceManagerTest" time="0.002"/>
  <system-out><![CDATA[]]></system-out>
  <system-err><![CDATA[]]></system-err>
</testsuite>
